{"/Users/sunnyedogbo/Desktop/codebase/fff-ui-backup/client/src/App.jsx": {"path":"/Users/sunnyedogbo/Desktop/codebase/fff-ui-backup/client/src/App.jsx","statementMap":{"0":{"start":{"line":7,"column":4},"end":{"line":11,"column":6}}},"fnMap":{"0":{"name":"(anonymous_0)","decl":{"start":{"line":6,"column":2},"end":{"line":6,"column":3}},"loc":{"start":{"line":6,"column":11},"end":{"line":12,"column":3}},"line":6}},"branchMap":{},"s":{"0":1},"f":{"0":1},"b":{},"_coverageSchema":"332fd63041d2c1bcb487cc26dd0d5f7d97098a6c","hash":"33e9824518f208bee5e4c69d610ca845cefdd780"}
,"/Users/sunnyedogbo/Desktop/codebase/fff-ui-backup/client/test/enzyme.setup.js": {"path":"/Users/sunnyedogbo/Desktop/codebase/fff-ui-backup/client/test/enzyme.setup.js","statementMap":{"0":{"start":{"line":4,"column":0},"end":{"line":6,"column":3}}},"fnMap":{},"branchMap":{},"s":{"0":1},"f":{},"b":{},"_coverageSchema":"332fd63041d2c1bcb487cc26dd0d5f7d97098a6c","hash":"c8be559224a2bcce7890b6f5c930aef63d09dad9"}
}
